SF:d:\Workspace\unittestworkshop\LogicService\MapperProfile.cs
FN:4,System.Void MapperProfile::.ctor()
FNDA:2,System.Void MapperProfile::.ctor()
DA:5,2
DA:6,2
DA:7,2
DA:8,2
DA:9,2
DA:10,2
DA:11,2
LF:7
LH:7
BRF:0
BRH:0
FNF:1
FNH:1
end_of_record
SF:d:\Workspace\unittestworkshop\LogicService\DatabaseContext.cs
FN:6,Microsoft.EntityFrameworkCore.DbSet`1<LogicService.Model.Employee> LogicService.DatabaseContext::get_Employees()
FNDA:8,Microsoft.EntityFrameworkCore.DbSet`1<LogicService.Model.Employee> LogicService.DatabaseContext::get_Employees()
DA:7,8
FN:7,Microsoft.EntityFrameworkCore.DbSet`1<LogicService.Model.Address> LogicService.DatabaseContext::get_Addresses()
FNDA:5,Microsoft.EntityFrameworkCore.DbSet`1<LogicService.Model.Address> LogicService.DatabaseContext::get_Addresses()
DA:8,5
FN:13,System.Void LogicService.DatabaseContext::OnModelCreating(Microsoft.EntityFrameworkCore.ModelBuilder)
FNDA:1,System.Void LogicService.DatabaseContext::OnModelCreating(Microsoft.EntityFrameworkCore.ModelBuilder)
DA:14,1
DA:15,1
DA:16,1
DA:17,1
DA:18,1
DA:19,1
DA:20,1
DA:21,1
DA:22,1
DA:23,1
DA:24,1
DA:25,1
DA:26,1
DA:27,1
DA:28,1
DA:29,1
DA:30,1
DA:31,1
DA:32,1
DA:34,1
DA:35,1
FN:9,System.Void LogicService.DatabaseContext::.ctor(Microsoft.EntityFrameworkCore.DbContextOptions`1<LogicService.DatabaseContext>)
FNDA:2,System.Void LogicService.DatabaseContext::.ctor(Microsoft.EntityFrameworkCore.DbContextOptions`1<LogicService.DatabaseContext>)
DA:10,2
DA:11,4
LF:25
LH:25
BRF:0
BRH:0
FNF:4
FNH:4
end_of_record
SF:d:\Workspace\unittestworkshop\LogicService\DatabaseContext.seed.cs
FN:7,System.Void LogicService.DatabaseContext::Seed(Microsoft.EntityFrameworkCore.ModelBuilder)
FNDA:1,System.Void LogicService.DatabaseContext::Seed(Microsoft.EntityFrameworkCore.ModelBuilder)
DA:8,1
DA:9,1
DA:10,1
DA:11,1
DA:12,1
DA:13,1
DA:14,1
DA:15,1
DA:16,1
DA:17,1
DA:18,1
DA:19,1
DA:20,1
DA:21,1
DA:22,1
DA:23,1
DA:24,1
DA:25,1
DA:26,1
DA:27,1
DA:29,1
DA:30,1
DA:31,1
DA:32,1
DA:33,1
DA:34,1
DA:35,1
DA:36,1
DA:37,1
DA:38,1
DA:39,1
DA:40,1
DA:41,1
DA:42,1
DA:43,1
DA:44,1
DA:45,1
DA:46,1
DA:47,1
DA:48,1
DA:49,1
DA:50,1
DA:51,1
DA:52,1
DA:53,1
DA:54,1
DA:55,1
DA:56,1
DA:57,1
DA:58,1
DA:59,1
DA:60,1
DA:61,1
DA:62,1
DA:63,1
DA:64,1
DA:65,1
DA:66,1
DA:67,1
DA:68,1
DA:69,1
DA:71,1
DA:72,1
DA:73,1
DA:74,1
DA:75,1
DA:76,1
DA:77,1
DA:78,1
DA:79,1
DA:80,1
DA:81,1
DA:82,1
DA:83,1
DA:84,1
DA:85,1
DA:86,1
DA:87,1
DA:88,1
LF:79
LH:79
BRF:0
BRH:0
FNF:1
FNH:1
end_of_record
SF:d:\Workspace\unittestworkshop\LogicService\DataService.cs
FN:24,System.Void LogicService.DataService::AddEmployee(LogicService.Dto.Employee)
FNDA:0,System.Void LogicService.DataService::AddEmployee(LogicService.Dto.Employee)
DA:25,0
FN:28,System.Void LogicService.DataService::UpdateEmployee(System.Int32,LogicService.Dto.Employee)
FNDA:0,System.Void LogicService.DataService::UpdateEmployee(System.Int32,LogicService.Dto.Employee)
DA:29,0
DA:30,0
DA:31,0
DA:32,0
DA:33,0
FN:36,LogicService.Dto.Employee LogicService.DataService::GetEmployee(System.Int32)
FNDA:2,LogicService.Dto.Employee LogicService.DataService::GetEmployee(System.Int32)
DA:37,2
DA:38,2
DA:39,2
DA:40,2
BRDA:39,130,0,2
BRDA:39,130,1,0
FN:43,System.Collections.Generic.List`1<LogicService.Dto.Employee> LogicService.DataService::GetEmployeeList()
FNDA:0,System.Collections.Generic.List`1<LogicService.Dto.Employee> LogicService.DataService::GetEmployeeList()
DA:44,0
DA:45,0
DA:46,0
DA:47,0
FN:50,System.Void LogicService.DataService::DeleteEmployee(System.Int32)
FNDA:0,System.Void LogicService.DataService::DeleteEmployee(System.Int32)
DA:51,0
DA:52,0
DA:53,0
DA:54,0
DA:55,0
FN:17,System.Void LogicService.DataService::.ctor(LogicService.DatabaseContext,AutoMapper.IMapper)
FNDA:2,System.Void LogicService.DataService::.ctor(LogicService.DatabaseContext,AutoMapper.IMapper)
DA:18,2
DA:19,2
DA:20,2
DA:21,2
DA:22,2
LF:24
LH:9
BRF:2
BRH:1
FNF:6
FNH:2
end_of_record
SF:d:\Workspace\unittestworkshop\LogicService\EmailService.cs
FN:9,System.Void LogicService.EmailService::SendEmail(System.String,System.String,System.String)
FNDA:0,System.Void LogicService.EmailService::SendEmail(System.String,System.String,System.String)
DA:10,0
DA:11,0
DA:12,0
LF:3
LH:0
BRF:0
BRH:0
FNF:1
FNH:0
end_of_record
SF:d:\Workspace\unittestworkshop\LogicService\EmployeeService.cs
FN:23,System.Collections.Generic.List`1<LogicService.Dto.Employee> LogicService.EmployeeService::GetList()
FNDA:0,System.Collections.Generic.List`1<LogicService.Dto.Employee> LogicService.EmployeeService::GetList()
DA:24,0
DA:26,0
DA:27,0
FN:29,LogicService.Dto.Employee LogicService.EmployeeService::Get(System.Int32)
FNDA:3,LogicService.Dto.Employee LogicService.EmployeeService::Get(System.Int32)
DA:30,3
DA:32,3
DA:33,3
FN:35,System.Void LogicService.EmployeeService::Upsert(LogicService.Dto.Employee)
FNDA:0,System.Void LogicService.EmployeeService::Upsert(LogicService.Dto.Employee)
DA:36,0
DA:39,0
DA:42,0
FN:44,System.Void LogicService.EmployeeService::Delete(System.Int32)
FNDA:0,System.Void LogicService.EmployeeService::Delete(System.Int32)
DA:45,0
DA:46,0
DA:47,0
FN:17,System.Void LogicService.EmployeeService::.ctor(LogicService.IDataService)
FNDA:3,System.Void LogicService.EmployeeService::.ctor(LogicService.IDataService)
DA:18,3
DA:19,3
DA:20,3
DA:21,3
LF:16
LH:7
BRF:0
BRH:0
FNF:5
FNH:2
end_of_record
SF:d:\Workspace\unittestworkshop\LogicService\StoreService.cs
FN:18,T LogicService.StoreService::GetItem(System.Int32)
FNDA:0,T LogicService.StoreService::GetItem(System.Int32)
DA:19,0
FN:21,System.Void LogicService.StoreService::AddItem(T,System.Int32)
FNDA:0,System.Void LogicService.StoreService::AddItem(T,System.Int32)
DA:22,0
FN:24,System.Void LogicService.StoreService::AddItems(System.Collections.Generic.List`1<T>)
FNDA:0,System.Void LogicService.StoreService::AddItems(System.Collections.Generic.List`1<T>)
DA:25,0
BRDA:25,22,0,0
BRDA:25,22,1,0
FN:27,System.Collections.Generic.List`1<T> LogicService.StoreService::GetItems()
FNDA:0,System.Collections.Generic.List`1<T> LogicService.StoreService::GetItems()
DA:28,0
FN:13,System.Void LogicService.StoreService::.ctor()
FNDA:0,System.Void LogicService.StoreService::.ctor()
DA:14,0
DA:16,0
LF:6
LH:0
BRF:2
BRH:0
FNF:5
FNH:0
end_of_record
SF:d:\Workspace\unittestworkshop\LogicService\Model\Address.cs
FN:7,System.Int32 LogicService.Model.Address::get_AddressId()
FNDA:4,System.Int32 LogicService.Model.Address::get_AddressId()
DA:8,4
FN:8,System.String LogicService.Model.Address::get_Street()
FNDA:7,System.String LogicService.Model.Address::get_Street()
DA:9,7
FN:9,System.String LogicService.Model.Address::get_PostalCode()
FNDA:7,System.String LogicService.Model.Address::get_PostalCode()
DA:10,7
FN:10,System.String LogicService.Model.Address::get_City()
FNDA:8,System.String LogicService.Model.Address::get_City()
DA:11,8
FN:11,System.String LogicService.Model.Address::get_Country()
FNDA:7,System.String LogicService.Model.Address::get_Country()
DA:12,7
FN:12,LogicService.Model.Employee LogicService.Model.Address::get_EmployeeFromHomeAddress()
FNDA:3,LogicService.Model.Employee LogicService.Model.Address::get_EmployeeFromHomeAddress()
DA:13,3
FN:13,LogicService.Model.Employee LogicService.Model.Address::get_EmployeeFromPostalAddress()
FNDA:3,LogicService.Model.Employee LogicService.Model.Address::get_EmployeeFromPostalAddress()
DA:14,3
FN:14,System.Boolean LogicService.Model.Address::get_Deleted()
FNDA:0,System.Boolean LogicService.Model.Address::get_Deleted()
DA:15,0
LF:8
LH:7
BRF:0
BRH:0
FNF:8
FNH:7
end_of_record
SF:d:\Workspace\unittestworkshop\LogicService\Model\Employee.cs
FN:7,System.Int32 LogicService.Model.Employee::get_EmployeeId()
FNDA:9,System.Int32 LogicService.Model.Employee::get_EmployeeId()
DA:8,9
FN:8,System.String LogicService.Model.Employee::get_FirstName()
FNDA:16,System.String LogicService.Model.Employee::get_FirstName()
DA:9,16
FN:9,System.String LogicService.Model.Employee::get_LastName()
FNDA:16,System.String LogicService.Model.Employee::get_LastName()
DA:10,16
FN:10,System.String LogicService.Model.Employee::get_EmailAddress()
FNDA:16,System.String LogicService.Model.Employee::get_EmailAddress()
DA:11,16
FN:11,System.Nullable`1<System.DateTime> LogicService.Model.Employee::get_BirthDate()
FNDA:4,System.Nullable`1<System.DateTime> LogicService.Model.Employee::get_BirthDate()
DA:12,4
FN:12,System.Nullable`1<System.Int32> LogicService.Model.Employee::get_HomeAddressId()
FNDA:3,System.Nullable`1<System.Int32> LogicService.Model.Employee::get_HomeAddressId()
DA:13,3
FN:13,LogicService.Model.Address LogicService.Model.Employee::get_HomeAddress()
FNDA:2,LogicService.Model.Address LogicService.Model.Employee::get_HomeAddress()
DA:14,2
FN:14,System.Nullable`1<System.Int32> LogicService.Model.Employee::get_PostalAddressId()
FNDA:0,System.Nullable`1<System.Int32> LogicService.Model.Employee::get_PostalAddressId()
DA:15,0
FN:15,LogicService.Model.Address LogicService.Model.Employee::get_PostalAddress()
FNDA:2,LogicService.Model.Address LogicService.Model.Employee::get_PostalAddress()
DA:16,2
FN:16,System.Boolean LogicService.Model.Employee::get_Deleted()
FNDA:0,System.Boolean LogicService.Model.Employee::get_Deleted()
DA:17,0
LF:10
LH:8
BRF:0
BRH:0
FNF:10
FNH:8
end_of_record
SF:d:\Workspace\unittestworkshop\LogicService\Model\EmployeeEmployer.cs
FN:7,System.Int32 LogicService.Model.EmployeeEmployer::get_EmployeeEmployerId()
FNDA:0,System.Int32 LogicService.Model.EmployeeEmployer::get_EmployeeEmployerId()
DA:8,0
FN:8,System.Int32 LogicService.Model.EmployeeEmployer::get_EmployeeId()
FNDA:0,System.Int32 LogicService.Model.EmployeeEmployer::get_EmployeeId()
DA:9,0
FN:9,System.Int32 LogicService.Model.EmployeeEmployer::get_EmployerId()
FNDA:0,System.Int32 LogicService.Model.EmployeeEmployer::get_EmployerId()
DA:10,0
FN:10,LogicService.Model.Employee LogicService.Model.EmployeeEmployer::get_Employee()
FNDA:0,LogicService.Model.Employee LogicService.Model.EmployeeEmployer::get_Employee()
DA:11,0
FN:11,LogicService.Model.Employer LogicService.Model.EmployeeEmployer::get_Employer()
FNDA:0,LogicService.Model.Employer LogicService.Model.EmployeeEmployer::get_Employer()
DA:12,0
FN:12,System.Boolean LogicService.Model.EmployeeEmployer::get_Deleted()
FNDA:0,System.Boolean LogicService.Model.EmployeeEmployer::get_Deleted()
DA:13,0
LF:6
LH:0
BRF:0
BRH:0
FNF:6
FNH:0
end_of_record
SF:d:\Workspace\unittestworkshop\LogicService\Model\Employer.cs
FN:7,System.Int32 LogicService.Model.Employer::get_EmployerId()
FNDA:2,System.Int32 LogicService.Model.Employer::get_EmployerId()
DA:8,2
FN:8,System.String LogicService.Model.Employer::get_Name()
FNDA:4,System.String LogicService.Model.Employer::get_Name()
DA:9,4
FN:9,System.String LogicService.Model.Employer::get_Email()
FNDA:4,System.String LogicService.Model.Employer::get_Email()
DA:10,4
FN:10,System.String LogicService.Model.Employer::get_Phone()
FNDA:4,System.String LogicService.Model.Employer::get_Phone()
DA:11,4
FN:11,System.String LogicService.Model.Employer::get_Website()
FNDA:4,System.String LogicService.Model.Employer::get_Website()
DA:12,4
FN:12,System.Collections.Generic.List`1<LogicService.Model.EmployeeEmployer> LogicService.Model.Employer::get_EmployeeEmployers()
FNDA:2,System.Collections.Generic.List`1<LogicService.Model.EmployeeEmployer> LogicService.Model.Employer::get_EmployeeEmployers()
DA:13,2
FN:13,System.Boolean LogicService.Model.Employer::get_Deleted()
FNDA:0,System.Boolean LogicService.Model.Employer::get_Deleted()
DA:14,0
LF:7
LH:6
BRF:0
BRH:0
FNF:7
FNH:6
end_of_record
SF:d:\Workspace\unittestworkshop\LogicService\Migrations\20230612053743_InitialCreate.cs
FN:14,System.Void LogicService.Migrations.InitialCreate::Up(Microsoft.EntityFrameworkCore.Migrations.MigrationBuilder)
FNDA:0,System.Void LogicService.Migrations.InitialCreate::Up(Microsoft.EntityFrameworkCore.Migrations.MigrationBuilder)
DA:15,0
DA:16,0
DA:17,0
DA:18,0
DA:19,0
DA:20,0
DA:21,0
DA:22,0
DA:23,0
DA:24,0
DA:25,0
DA:26,0
DA:27,0
DA:28,0
DA:29,0
DA:30,0
DA:31,0
DA:33,0
DA:34,0
DA:35,0
DA:36,0
DA:37,0
DA:38,0
DA:39,0
DA:40,0
DA:41,0
DA:42,0
DA:43,0
DA:44,0
DA:45,0
DA:46,0
DA:47,0
DA:48,0
DA:50,0
DA:51,0
DA:52,0
DA:53,0
DA:54,0
DA:55,0
DA:56,0
DA:57,0
DA:58,0
DA:59,0
DA:60,0
DA:61,0
DA:62,0
DA:63,0
DA:64,0
DA:65,0
DA:66,0
DA:67,0
DA:68,0
DA:69,0
DA:70,0
DA:71,0
DA:72,0
DA:73,0
DA:74,0
DA:75,0
DA:76,0
DA:77,0
DA:78,0
DA:79,0
DA:81,0
DA:82,0
DA:83,0
DA:84,0
DA:85,0
DA:86,0
DA:87,0
DA:88,0
DA:89,0
DA:90,0
DA:91,0
DA:92,0
DA:93,0
DA:94,0
DA:95,0
DA:96,0
DA:97,0
DA:98,0
DA:99,0
DA:100,0
DA:101,0
DA:102,0
DA:103,0
DA:104,0
DA:105,0
DA:106,0
DA:108,0
DA:109,0
DA:110,0
DA:111,0
DA:112,0
DA:113,0
DA:114,0
DA:115,0
DA:117,0
DA:118,0
DA:119,0
DA:120,0
DA:121,0
DA:122,0
DA:123,0
DA:124,0
DA:125,0
DA:127,0
DA:128,0
DA:129,0
DA:130,0
DA:131,0
DA:132,0
DA:133,0
DA:134,0
DA:136,0
DA:137,0
DA:138,0
DA:139,0
DA:140,0
DA:141,0
DA:142,0
DA:143,0
DA:145,0
DA:146,0
DA:147,0
DA:148,0
DA:150,0
DA:151,0
DA:152,0
DA:153,0
DA:155,0
DA:156,0
DA:157,0
DA:158,0
DA:159,0
DA:160,0
DA:162,0
DA:163,0
DA:164,0
DA:165,0
DA:166,0
DA:167,0
DA:168,0
FN:171,System.Void LogicService.Migrations.InitialCreate::Down(Microsoft.EntityFrameworkCore.Migrations.MigrationBuilder)
FNDA:0,System.Void LogicService.Migrations.InitialCreate::Down(Microsoft.EntityFrameworkCore.Migrations.MigrationBuilder)
DA:172,0
DA:173,0
DA:174,0
DA:176,0
DA:177,0
DA:179,0
DA:180,0
DA:182,0
DA:183,0
DA:184,0
LF:153
LH:0
BRF:0
BRH:0
FNF:2
FNH:0
end_of_record
SF:d:\Workspace\unittestworkshop\LogicService\Migrations\20230612053743_InitialCreate.Designer.cs
FN:19,System.Void LogicService.Migrations.InitialCreate::BuildTargetModel(Microsoft.EntityFrameworkCore.ModelBuilder)
FNDA:0,System.Void LogicService.Migrations.InitialCreate::BuildTargetModel(Microsoft.EntityFrameworkCore.ModelBuilder)
DA:20,0
DA:22,0
DA:23,0
DA:24,0
DA:26,0
DA:28,0
DA:29,0
DA:30,0
DA:31,0
DA:32,0
DA:33,0
DA:34,0
DA:35,0
DA:36,0
DA:37,0
DA:38,0
DA:39,0
DA:40,0
DA:41,0
DA:42,0
DA:43,0
DA:44,0
DA:45,0
DA:46,0
DA:47,0
DA:48,0
DA:49,0
DA:50,0
DA:51,0
DA:52,0
DA:53,0
DA:54,0
DA:55,0
DA:56,0
DA:57,0
DA:58,0
DA:59,0
DA:60,0
DA:61,0
DA:62,0
DA:63,0
DA:64,0
DA:65,0
DA:66,0
DA:67,0
DA:68,0
DA:69,0
DA:70,0
DA:71,0
DA:72,0
DA:73,0
DA:74,0
DA:75,0
DA:76,0
DA:77,0
DA:78,0
DA:79,0
DA:80,0
DA:82,0
DA:83,0
DA:84,0
DA:85,0
DA:86,0
DA:87,0
DA:88,0
DA:89,0
DA:90,0
DA:91,0
DA:92,0
DA:93,0
DA:94,0
DA:95,0
DA:96,0
DA:97,0
DA:98,0
DA:99,0
DA:100,0
DA:101,0
DA:102,0
DA:103,0
DA:104,0
DA:105,0
DA:106,0
DA:107,0
DA:108,0
DA:109,0
DA:110,0
DA:111,0
DA:112,0
DA:113,0
DA:114,0
DA:115,0
DA:116,0
DA:117,0
DA:118,0
DA:119,0
DA:120,0
DA:121,0
DA:122,0
DA:123,0
DA:124,0
DA:125,0
DA:126,0
DA:127,0
DA:128,0
DA:129,0
DA:130,0
DA:131,0
DA:132,0
DA:133,0
DA:134,0
DA:135,0
DA:136,0
DA:137,0
DA:138,0
DA:139,0
DA:140,0
DA:141,0
DA:142,0
DA:143,0
DA:144,0
DA:145,0
DA:146,0
DA:147,0
DA:148,0
DA:149,0
DA:150,0
DA:151,0
DA:152,0
DA:153,0
DA:154,0
DA:155,0
DA:156,0
DA:157,0
DA:158,0
DA:159,0
DA:160,0
DA:161,0
DA:162,0
DA:163,0
DA:164,0
DA:165,0
DA:166,0
DA:167,0
DA:168,0
DA:169,0
DA:170,0
DA:171,0
DA:172,0
DA:173,0
DA:175,0
DA:176,0
DA:177,0
DA:178,0
DA:179,0
DA:180,0
DA:181,0
DA:182,0
DA:183,0
DA:184,0
DA:185,0
DA:186,0
DA:187,0
DA:188,0
DA:189,0
DA:190,0
DA:191,0
DA:192,0
DA:193,0
DA:194,0
DA:195,0
DA:196,0
DA:197,0
DA:198,0
DA:199,0
DA:201,0
DA:202,0
DA:203,0
DA:204,0
DA:205,0
DA:206,0
DA:207,0
DA:208,0
DA:209,0
DA:210,0
DA:211,0
DA:212,0
DA:213,0
DA:214,0
DA:215,0
DA:216,0
DA:217,0
DA:218,0
DA:219,0
DA:220,0
DA:221,0
DA:222,0
DA:223,0
DA:224,0
DA:225,0
DA:226,0
DA:227,0
DA:228,0
DA:229,0
DA:230,0
DA:231,0
DA:232,0
DA:233,0
DA:234,0
DA:235,0
DA:236,0
DA:237,0
DA:238,0
DA:239,0
DA:240,0
DA:241,0
DA:242,0
DA:243,0
DA:244,0
DA:245,0
DA:246,0
DA:247,0
DA:248,0
DA:249,0
DA:250,0
DA:251,0
DA:253,0
DA:254,0
DA:255,0
DA:256,0
DA:257,0
DA:258,0
DA:259,0
DA:260,0
DA:261,0
DA:262,0
DA:263,0
DA:264,0
DA:265,0
DA:266,0
DA:267,0
DA:268,0
DA:270,0
DA:271,0
DA:272,0
DA:273,0
DA:274,0
DA:275,0
DA:276,0
DA:277,0
DA:278,0
DA:279,0
DA:280,0
DA:281,0
DA:282,0
DA:283,0
DA:284,0
DA:285,0
DA:286,0
DA:287,0
DA:289,0
DA:290,0
DA:291,0
DA:292,0
DA:293,0
DA:294,0
DA:295,0
DA:296,0
DA:298,0
DA:299,0
DA:300,0
DA:301,0
DA:303,0
LF:273
LH:0
BRF:0
BRH:0
FNF:1
FNH:0
end_of_record
SF:d:\Workspace\unittestworkshop\LogicService\Migrations\DatabaseContextModelSnapshot.cs
FN:16,System.Void LogicService.Migrations.DatabaseContextModelSnapshot::BuildModel(Microsoft.EntityFrameworkCore.ModelBuilder)
FNDA:0,System.Void LogicService.Migrations.DatabaseContextModelSnapshot::BuildModel(Microsoft.EntityFrameworkCore.ModelBuilder)
DA:17,0
DA:19,0
DA:20,0
DA:21,0
DA:23,0
DA:25,0
DA:26,0
DA:27,0
DA:28,0
DA:29,0
DA:30,0
DA:31,0
DA:32,0
DA:33,0
DA:34,0
DA:35,0
DA:36,0
DA:37,0
DA:38,0
DA:39,0
DA:40,0
DA:41,0
DA:42,0
DA:43,0
DA:44,0
DA:45,0
DA:46,0
DA:47,0
DA:48,0
DA:49,0
DA:50,0
DA:51,0
DA:52,0
DA:53,0
DA:54,0
DA:55,0
DA:56,0
DA:57,0
DA:58,0
DA:59,0
DA:60,0
DA:61,0
DA:62,0
DA:63,0
DA:64,0
DA:65,0
DA:66,0
DA:67,0
DA:68,0
DA:69,0
DA:70,0
DA:71,0
DA:72,0
DA:73,0
DA:74,0
DA:75,0
DA:76,0
DA:77,0
DA:79,0
DA:80,0
DA:81,0
DA:82,0
DA:83,0
DA:84,0
DA:85,0
DA:86,0
DA:87,0
DA:88,0
DA:89,0
DA:90,0
DA:91,0
DA:92,0
DA:93,0
DA:94,0
DA:95,0
DA:96,0
DA:97,0
DA:98,0
DA:99,0
DA:100,0
DA:101,0
DA:102,0
DA:103,0
DA:104,0
DA:105,0
DA:106,0
DA:107,0
DA:108,0
DA:109,0
DA:110,0
DA:111,0
DA:112,0
DA:113,0
DA:114,0
DA:115,0
DA:116,0
DA:117,0
DA:118,0
DA:119,0
DA:120,0
DA:121,0
DA:122,0
DA:123,0
DA:124,0
DA:125,0
DA:126,0
DA:127,0
DA:128,0
DA:129,0
DA:130,0
DA:131,0
DA:132,0
DA:133,0
DA:134,0
DA:135,0
DA:136,0
DA:137,0
DA:138,0
DA:139,0
DA:140,0
DA:141,0
DA:142,0
DA:143,0
DA:144,0
DA:145,0
DA:146,0
DA:147,0
DA:148,0
DA:149,0
DA:150,0
DA:151,0
DA:152,0
DA:153,0
DA:154,0
DA:155,0
DA:156,0
DA:157,0
DA:158,0
DA:159,0
DA:160,0
DA:161,0
DA:162,0
DA:163,0
DA:164,0
DA:165,0
DA:166,0
DA:167,0
DA:168,0
DA:169,0
DA:170,0
DA:172,0
DA:173,0
DA:174,0
DA:175,0
DA:176,0
DA:177,0
DA:178,0
DA:179,0
DA:180,0
DA:181,0
DA:182,0
DA:183,0
DA:184,0
DA:185,0
DA:186,0
DA:187,0
DA:188,0
DA:189,0
DA:190,0
DA:191,0
DA:192,0
DA:193,0
DA:194,0
DA:195,0
DA:196,0
DA:198,0
DA:199,0
DA:200,0
DA:201,0
DA:202,0
DA:203,0
DA:204,0
DA:205,0
DA:206,0
DA:207,0
DA:208,0
DA:209,0
DA:210,0
DA:211,0
DA:212,0
DA:213,0
DA:214,0
DA:215,0
DA:216,0
DA:217,0
DA:218,0
DA:219,0
DA:220,0
DA:221,0
DA:222,0
DA:223,0
DA:224,0
DA:225,0
DA:226,0
DA:227,0
DA:228,0
DA:229,0
DA:230,0
DA:231,0
DA:232,0
DA:233,0
DA:234,0
DA:235,0
DA:236,0
DA:237,0
DA:238,0
DA:239,0
DA:240,0
DA:241,0
DA:242,0
DA:243,0
DA:244,0
DA:245,0
DA:246,0
DA:247,0
DA:248,0
DA:250,0
DA:251,0
DA:252,0
DA:253,0
DA:254,0
DA:255,0
DA:256,0
DA:257,0
DA:258,0
DA:259,0
DA:260,0
DA:261,0
DA:262,0
DA:263,0
DA:264,0
DA:265,0
DA:267,0
DA:268,0
DA:269,0
DA:270,0
DA:271,0
DA:272,0
DA:273,0
DA:274,0
DA:275,0
DA:276,0
DA:277,0
DA:278,0
DA:279,0
DA:280,0
DA:281,0
DA:282,0
DA:283,0
DA:284,0
DA:286,0
DA:287,0
DA:288,0
DA:289,0
DA:290,0
DA:291,0
DA:292,0
DA:293,0
DA:295,0
DA:296,0
DA:297,0
DA:298,0
DA:300,0
LF:273
LH:0
BRF:0
BRH:0
FNF:1
FNH:0
end_of_record
SF:d:\Workspace\unittestworkshop\LogicService\Dto\Employee.cs
FN:3,System.Int32 LogicService.Dto.Employee::get_EmployeeId()
FNDA:6,System.Int32 LogicService.Dto.Employee::get_EmployeeId()
DA:4,6
FN:4,System.String LogicService.Dto.Employee::get_FirstName()
FNDA:6,System.String LogicService.Dto.Employee::get_FirstName()
DA:5,6
FN:5,System.String LogicService.Dto.Employee::get_LastName()
FNDA:6,System.String LogicService.Dto.Employee::get_LastName()
DA:6,6
FN:6,System.String LogicService.Dto.Employee::get_EmailAddress()
FNDA:5,System.String LogicService.Dto.Employee::get_EmailAddress()
DA:7,5
FN:7,System.Nullable`1<System.DateTime> LogicService.Dto.Employee::get_BirthDate()
FNDA:2,System.Nullable`1<System.DateTime> LogicService.Dto.Employee::get_BirthDate()
DA:8,2
FN:8,LogicService.Dto.Address LogicService.Dto.Employee::get_HomeAddress()
FNDA:6,LogicService.Dto.Address LogicService.Dto.Employee::get_HomeAddress()
DA:9,6
FN:9,LogicService.Dto.Address LogicService.Dto.Employee::get_PostalAddress()
FNDA:5,LogicService.Dto.Address LogicService.Dto.Employee::get_PostalAddress()
DA:10,5
FN:14,System.String LogicService.Dto.Address::get_Street()
FNDA:2,System.String LogicService.Dto.Address::get_Street()
DA:15,2
FN:15,System.String LogicService.Dto.Address::get_PostalCode()
FNDA:2,System.String LogicService.Dto.Address::get_PostalCode()
DA:16,2
FN:16,System.String LogicService.Dto.Address::get_City()
FNDA:3,System.String LogicService.Dto.Address::get_City()
DA:17,3
FN:17,System.String LogicService.Dto.Address::get_Country()
FNDA:2,System.String LogicService.Dto.Address::get_Country()
DA:18,2
LF:11
LH:11
BRF:0
BRH:0
FNF:11
FNH:11
end_of_record
SF:C:\Users\ralfdekleine\.nuget\packages\microsoft.net.test.sdk\17.5.0\build\netcoreapp3.1\Microsoft.NET.Test.Sdk.Program.cs
FN:3,System.Void AutoGeneratedProgram::Main(System.String[])
FNDA:0,System.Void AutoGeneratedProgram::Main(System.String[])
DA:4,0
LF:1
LH:0
BRF:0
BRH:0
FNF:1
FNH:0
end_of_record
SF:d:\Workspace\unittestworkshop\LogicService.Tests\UnitTest1.cs
FN:6,System.Void LogicService.Tests.UnitTest1::Test1()
FNDA:0,System.Void LogicService.Tests.UnitTest1::Test1()
DA:7,0
DA:9,0
LF:2
LH:0
BRF:0
BRH:0
FNF:1
FNH:0
end_of_record
SF:C:\Users\ralfdekleine\.nuget\packages\microsoft.net.test.sdk\17.5.0\build\netcoreapp3.1\Microsoft.NET.Test.Sdk.Program.cs
FN:3,System.Void AutoGeneratedProgram::Main(System.String[])
FNDA:0,System.Void AutoGeneratedProgram::Main(System.String[])
DA:4,0
LF:1
LH:0
BRF:0
BRH:0
FNF:1
FNH:0
end_of_record
SF:D:\Workspace\unittestworkshop\LogicService.Tests\UnitTest1.cs
FN:6,System.Void LogicService.Tests.UnitTest1::Test1()
FNDA:0,System.Void LogicService.Tests.UnitTest1::Test1()
DA:7,0
DA:9,0
LF:2
LH:0
BRF:0
BRH:0
FNF:1
FNH:0
end_of_record